<?xml version="1.0" encoding="UTF-8"?>
<!-- Generated by org.testng.reporters.JUnitReportReporter -->
<testsuite hostname="Prabuddhika-PC" failures="0" tests="2" name="com.example.automationdemo.testcases.LogonPageTest" time="8.454" errors="0" timestamp="12 Jul 2023 19:59:47 GMT" skipped="1">
  <testcase classname="com.example.automationdemo.testcases.LogonPageTest" name="loginPageLogoTest" time="8.454"/>
  <testcase classname="com.example.automationdemo.testcases.LogonPageTest" name="LoginTest" time="0.000">
    <skipped/>
  </testcase> <!-- LoginTest -->
</testsuite> <!-- com.example.automationdemo.testcases.LogonPageTest -->
