<?xml version="1.0" encoding="UTF-8"?>
<!-- Generated by org.testng.reporters.JUnitReportReporter -->
<testsuite hostname="Prabuddhika-PC" failures="0" tests="2" name="com.example.automationdemo.testcases.HomePageTest" time="29.469" errors="0" timestamp="12 Jul 2023 19:59:47 GMT" skipped="0">
  <testcase classname="com.example.automationdemo.testcases.HomePageTest" name="homePageLogoTest" time="14.544"/>
  <testcase classname="com.example.automationdemo.testcases.HomePageTest" name="homePageTaskLinkTest" time="14.925"/>
</testsuite> <!-- com.example.automationdemo.testcases.HomePageTest -->
